# JRE version: OpenJDK Runtime Environment (21.0.3) (build 21.0.3+-12282718-b509.11)
# Java VM: OpenJDK 64-Bit Server VM (21.0.3+-12282718-b509.11, mixed mode, tiered, compressed oops, compressed class ptrs, g1 gc, windows-amd64)
GC Precious Log:
 CardTable entry size: 512
 Card Set container configuration: InlinePtr #cards 5 size 8 Array Of Cards #cards 12 size 40 Howl #buckets 4 coarsen threshold 1843 Howl Bitmap #cards 512 size 80 coarsen threshold 460 Card regions per heap region 1 cards per card region 2048
 CPUs: 4 total, 4 available
 Memory: 8014M
 Large Page Support: Disabled
 NUMA Support: Disabled
 Compressed Oops: Enabled (32-bit)
 Heap Region Size: 1M
 Heap Min Capacity: 8M
 Heap Initial Capacity: 126M
 Heap Max Capacity: 2G
 Pre-touch: Disabled
 Parallel Workers: 4
 Concurrent Workers: 1
 Concurrent Refinement Workers: 4
 Periodic GC: Disabled
Heap:
 garbage-first heap   total 287744K, used 282435K [0x0000000080000000, 0x0000000100000000)
  region size 1024K, 27 young (27648K), 1 survivors (1024K)
 Metaspace       used 120558K, committed 122816K, reserved 1179648K
  class space    used 16585K, committed 17728K, reserved 1048576K
GC Heap History (20 events):
Event: 104.320 GC heap before
{Heap before GC invocations=46 (full 0):
 garbage-first heap   total 174080K, used 155501K [0x0000000080000000, 0x0000000100000000)
  region size 1024K, 54 young (55296K), 8 survivors (8192K)
 Metaspace       used 111194K, committed 113408K, reserved 1179648K
  class space    used 15401K, committed 16512K, reserved 1048576K
}
Event: 104.351 GC heap after
{Heap after GC invocations=47 (full 0):
 garbage-first heap   total 174080K, used 112224K [0x0000000080000000, 0x0000000100000000)
  region size 1024K, 4 young (4096K), 4 survivors (4096K)
 Metaspace       used 111194K, committed 113408K, reserved 1179648K
  class space    used 15401K, committed 16512K, reserved 1048576K
}
Event: 106.361 GC heap before
{Heap before GC invocations=48 (full 0):
 garbage-first heap   total 193536K, used 159328K [0x0000000080000000, 0x0000000100000000)
  region size 1024K, 50 young (51200K), 4 survivors (4096K)
 Metaspace       used 111200K, committed 113408K, reserved 1179648K
  class space    used 15401K, committed 16512K, reserved 1048576K
}
Event: 106.375 GC heap after
{Heap after GC invocations=49 (full 0):
 garbage-first heap   total 193536K, used 113355K [0x0000000080000000, 0x0000000100000000)
  region size 1024K, 5 young (5120K), 5 survivors (5120K)
 Metaspace       used 111200K, committed 113408K, reserved 1179648K
  class space    used 15401K, committed 16512K, reserved 1048576K
}
Event: 110.053 GC heap before
{Heap before GC invocations=49 (full 0):
 garbage-first heap   total 193536K, used 176843K [0x0000000080000000, 0x0000000100000000)
  region size 1024K, 66 young (67584K), 5 survivors (5120K)
 Metaspace       used 111455K, committed 113600K, reserved 1179648K
  class space    used 15434K, committed 16512K, reserved 1048576K
}
Event: 110.080 GC heap after
{Heap after GC invocations=50 (full 0):
 garbage-first heap   total 193536K, used 114045K [0x0000000080000000, 0x0000000100000000)
  region size 1024K, 8 young (8192K), 8 survivors (8192K)
 Metaspace       used 111455K, committed 113600K, reserved 1179648K
  class space    used 15434K, committed 16512K, reserved 1048576K
}
Event: 111.404 GC heap before
{Heap before GC invocations=50 (full 0):
 garbage-first heap   total 193536K, used 173437K [0x0000000080000000, 0x0000000100000000)
  region size 1024K, 66 young (67584K), 8 survivors (8192K)
 Metaspace       used 111538K, committed 113792K, reserved 1179648K
  class space    used 15443K, committed 16576K, reserved 1048576K
}
Event: 111.427 GC heap after
{Heap after GC invocations=51 (full 0):
 garbage-first heap   total 193536K, used 116629K [0x0000000080000000, 0x0000000100000000)
  region size 1024K, 5 young (5120K), 5 survivors (5120K)
 Metaspace       used 111538K, committed 113792K, reserved 1179648K
  class space    used 15443K, committed 16576K, reserved 1048576K
}
Event: 113.981 GC heap before
{Heap before GC invocations=52 (full 0):
 garbage-first heap   total 220160K, used 174997K [0x0000000080000000, 0x0000000100000000)
  region size 1024K, 63 young (64512K), 5 survivors (5120K)
 Metaspace       used 111816K, committed 113984K, reserved 1179648K
  class space    used 15471K, committed 16576K, reserved 1048576K
}
Event: 114.002 GC heap after
{Heap after GC invocations=53 (full 0):
 garbage-first heap   total 220160K, used 119502K [0x0000000080000000, 0x0000000100000000)
  region size 1024K, 6 young (6144K), 6 survivors (6144K)
 Metaspace       used 111816K, committed 113984K, reserved 1179648K
  class space    used 15471K, committed 16576K, reserved 1048576K
}
Event: 118.844 GC heap before
{Heap before GC invocations=53 (full 0):
 garbage-first heap   total 220160K, used 199374K [0x0000000080000000, 0x0000000100000000)
  region size 1024K, 85 young (87040K), 6 survivors (6144K)
 Metaspace       used 114967K, committed 117120K, reserved 1179648K
  class space    used 15862K, committed 16960K, reserved 1048576K
}
Event: 118.884 GC heap after
{Heap after GC invocations=54 (full 0):
 garbage-first heap   total 220160K, used 122738K [0x0000000080000000, 0x0000000100000000)
  region size 1024K, 10 young (10240K), 10 survivors (10240K)
 Metaspace       used 114967K, committed 117120K, reserved 1179648K
  class space    used 15862K, committed 16960K, reserved 1048576K
}
Event: 121.334 GC heap before
{Heap before GC invocations=54 (full 0):
 garbage-first heap   total 220160K, used 196466K [0x0000000080000000, 0x0000000100000000)
  region size 1024K, 83 young (84992K), 10 survivors (10240K)
 Metaspace       used 115299K, committed 117504K, reserved 1179648K
  class space    used 15932K, committed 17088K, reserved 1048576K
}
Event: 121.367 GC heap after
{Heap after GC invocations=55 (full 0):
 garbage-first heap   total 220160K, used 125337K [0x0000000080000000, 0x0000000100000000)
  region size 1024K, 6 young (6144K), 6 survivors (6144K)
 Metaspace       used 115299K, committed 117504K, reserved 1179648K
  class space    used 15932K, committed 17088K, reserved 1048576K
}
Event: 124.106 GC heap before
{Heap before GC invocations=56 (full 0):
 garbage-first heap   total 249856K, used 242073K [0x0000000080000000, 0x0000000100000000)
  region size 1024K, 79 young (80896K), 6 survivors (6144K)
 Metaspace       used 116760K, committed 118976K, reserved 1179648K
  class space    used 16032K, committed 17152K, reserved 1048576K
}
Event: 124.133 GC heap after
{Heap after GC invocations=57 (full 0):
 garbage-first heap   total 261120K, used 174356K [0x0000000080000000, 0x0000000100000000)
  region size 1024K, 10 young (10240K), 10 survivors (10240K)
 Metaspace       used 116760K, committed 118976K, reserved 1179648K
  class space    used 16032K, committed 17152K, reserved 1048576K
}
Event: 127.929 GC heap before
{Heap before GC invocations=57 (full 0):
 garbage-first heap   total 267264K, used 265492K [0x0000000080000000, 0x0000000100000000)
  region size 1024K, 53 young (54272K), 10 survivors (10240K)
 Metaspace       used 120427K, committed 122688K, reserved 1179648K
  class space    used 16568K, committed 17728K, reserved 1048576K
}
Event: 127.972 GC heap after
{Heap after GC invocations=58 (full 0):
 garbage-first heap   total 287744K, used 201632K [0x0000000080000000, 0x0000000100000000)
  region size 1024K, 8 young (8192K), 8 survivors (8192K)
 Metaspace       used 120427K, committed 122688K, reserved 1179648K
  class space    used 16568K, committed 17728K, reserved 1048576K
}
Event: 127.986 GC heap before
{Heap before GC invocations=58 (full 0):
 garbage-first heap   total 287744K, used 201632K [0x0000000080000000, 0x0000000100000000)
  region size 1024K, 9 young (9216K), 8 survivors (8192K)
 Metaspace       used 120427K, committed 122688K, reserved 1179648K
  class space    used 16568K, committed 17728K, reserved 1048576K
}
Event: 127.999 GC heap after
{Heap after GC invocations=59 (full 0):
 garbage-first heap   total 287744K, used 201539K [0x0000000080000000, 0x0000000100000000)
  region size 1024K, 1 young (1024K), 1 survivors (1024K)
 Metaspace       used 120427K, committed 122688K, reserved 1179648K
  class space    used 16568K, committed 17728K, reserved 1048576K
}

